# JRE version: OpenJDK Runtime Environment (8.0_242-b01) (build 1.8.0_242-release-1644-b01)
# Java VM: OpenJDK 64-Bit Server VM (25.242-b01 mixed mode windows-amd64 compressed oops)
Heap:
 PSYoungGen      total 631296K, used 305985K [0x00000000d5580000, 0x0000000100000000, 0x0000000100000000)
  eden space 563712K, 51% used [0x00000000d5580000,0x00000000e6e58de8,0x00000000f7c00000)
  from space 67584K, 27% used [0x00000000f7c00000,0x00000000f8df7940,0x00000000fbe00000)
  to   space 64512K, 0% used [0x00000000fc100000,0x00000000fc100000,0x0000000100000000)
 ParOldGen       total 229376K, used 124396K [0x0000000080000000, 0x000000008e000000, 0x00000000d5580000)
  object space 229376K, 54% used [0x0000000080000000,0x000000008797b3b0,0x000000008e000000)
 Metaspace       used 94317K, capacity 101676K, committed 101800K, reserved 1136640K
  class space    used 12384K, capacity 13631K, committed 13744K, reserved 1048576K
GC Heap History (10 events):
Event: 1543.849 GC heap before
{Heap before GC invocations=17 (full 3):
 PSYoungGen      total 657920K, used 657747K [0x00000000d5580000, 0x0000000100000000, 0x0000000100000000)
  eden space 629248K, 100% used [0x00000000d5580000,0x00000000fbc00000,0x00000000fbc00000)
  from space 28672K, 99% used [0x00000000fbc00000,0x00000000fd7d4f88,0x00000000fd800000)
  to   space 37888K, 0% used [0x00000000fdb00000,0x00000000fdb00000,0x0000000100000000)
 ParOldGen       total 108544K, used 54727K [0x0000000080000000, 0x0000000086a00000, 0x00000000d5580000)
  object space 108544K, 50% used [0x0000000080000000,0x0000000083571ee8,0x0000000086a00000)
 Metaspace       used 92212K, capacity 98082K, committed 98216K, reserved 1134592K
  class space    used 12143K, capacity 13206K, committed 13232K, reserved 1048576K
Event: 1543.981 GC heap after
Heap after GC invocations=17 (full 3):
 PSYoungGen      total 626176K, used 37867K [0x00000000d5580000, 0x0000000100000000, 0x0000000100000000)
  eden space 588288K, 0% used [0x00000000d5580000,0x00000000d5580000,0x00000000f9400000)
  from space 37888K, 99% used [0x00000000fdb00000,0x00000000ffffaf80,0x0000000100000000)
  to   space 55296K, 0% used [0x00000000f9400000,0x00000000f9400000,0x00000000fca00000)
 ParOldGen       total 108544K, used 87357K [0x0000000080000000, 0x0000000086a00000, 0x00000000d5580000)
  object space 108544K, 80% used [0x0000000080000000,0x000000008554f6b0,0x0000000086a00000)
 Metaspace       used 92212K, capacity 98082K, committed 98216K, reserved 1134592K
  class space    used 12143K, capacity 13206K, committed 13232K, reserved 1048576K
}
Event: 1543.981 GC heap before
{Heap before GC invocations=18 (full 4):
 PSYoungGen      total 626176K, used 37867K [0x00000000d5580000, 0x0000000100000000, 0x0000000100000000)
  eden space 588288K, 0% used [0x00000000d5580000,0x00000000d5580000,0x00000000f9400000)
  from space 37888K, 99% used [0x00000000fdb00000,0x00000000ffffaf80,0x0000000100000000)
  to   space 55296K, 0% used [0x00000000f9400000,0x00000000f9400000,0x00000000fca00000)
 ParOldGen       total 108544K, used 87357K [0x0000000080000000, 0x0000000086a00000, 0x00000000d5580000)
  object space 108544K, 80% used [0x0000000080000000,0x000000008554f6b0,0x0000000086a00000)
 Metaspace       used 92212K, capacity 98082K, committed 98216K, reserved 1134592K
  class space    used 12143K, capacity 13206K, committed 13232K, reserved 1048576K
Event: 1544.957 GC heap after
Heap after GC invocations=18 (full 4):
 PSYoungGen      total 626176K, used 491K [0x00000000d5580000, 0x0000000100000000, 0x0000000100000000)
  eden space 588288K, 0% used [0x00000000d5580000,0x00000000d5580000,0x00000000f9400000)
  from space 37888K, 1% used [0x00000000fdb00000,0x00000000fdb7ac38,0x0000000100000000)
  to   space 55296K, 0% used [0x00000000f9400000,0x00000000f9400000,0x00000000fca00000)
 ParOldGen       total 229376K, used 108467K [0x0000000080000000, 0x000000008e000000, 0x00000000d5580000)
  object space 229376K, 47% used [0x0000000080000000,0x00000000869ecf00,0x000000008e000000)
 Metaspace       used 92107K, capacity 97776K, committed 98216K, reserved 1134592K
  class space    used 12109K, capacity 13145K, committed 13232K, reserved 1048576K
}
Event: 1689.267 GC heap before
{Heap before GC invocations=19 (full 4):
 PSYoungGen      total 626176K, used 588779K [0x00000000d5580000, 0x0000000100000000, 0x0000000100000000)
  eden space 588288K, 100% used [0x00000000d5580000,0x00000000f9400000,0x00000000f9400000)
  from space 37888K, 1% used [0x00000000fdb00000,0x00000000fdb7ac38,0x0000000100000000)
  to   space 55296K, 0% used [0x00000000f9400000,0x00000000f9400000,0x00000000fca00000)
 ParOldGen       total 229376K, used 108467K [0x0000000080000000, 0x000000008e000000, 0x00000000d5580000)
  object space 229376K, 47% used [0x0000000080000000,0x00000000869ecf00,0x000000008e000000)
 Metaspace       used 92410K, capacity 98136K, committed 98472K, reserved 1134592K
  class space    used 12111K, capacity 13147K, committed 13232K, reserved 1048576K
Event: 1689.328 GC heap after
Heap after GC invocations=19 (full 4):
 PSYoungGen      total 643584K, used 15114K [0x00000000d5580000, 0x0000000100000000, 0x0000000100000000)
  eden space 588288K, 0% used [0x00000000d5580000,0x00000000d5580000,0x00000000f9400000)
  from space 55296K, 27% used [0x00000000f9400000,0x00000000fa2c2bc0,0x00000000fca00000)
  to   space 53248K, 0% used [0x00000000fcc00000,0x00000000fcc00000,0x0000000100000000)
 ParOldGen       total 229376K, used 108475K [0x0000000080000000, 0x000000008e000000, 0x00000000d5580000)
  object space 229376K, 47% used [0x0000000080000000,0x00000000869eef00,0x000000008e000000)
 Metaspace       used 92410K, capacity 98136K, committed 98472K, reserved 1134592K
  class space    used 12111K, capacity 13147K, committed 13232K, reserved 1048576K
}
Event: 1848.368 GC heap before
{Heap before GC invocations=20 (full 4):
 PSYoungGen      total 643584K, used 603271K [0x00000000d5580000, 0x0000000100000000, 0x0000000100000000)
  eden space 588288K, 99% used [0x00000000d5580000,0x00000000f93df420,0x00000000f9400000)
  from space 55296K, 27% used [0x00000000f9400000,0x00000000fa2c2bc0,0x00000000fca00000)
  to   space 53248K, 0% used [0x00000000fcc00000,0x00000000fcc00000,0x0000000100000000)
 ParOldGen       total 229376K, used 108475K [0x0000000080000000, 0x000000008e000000, 0x00000000d5580000)
  object space 229376K, 47% used [0x0000000080000000,0x00000000869eef00,0x000000008e000000)
 Metaspace       used 92767K, capacity 98460K, committed 98728K, reserved 1134592K
  class space    used 12128K, capacity 13159K, committed 13232K, reserved 1048576K
Event: 1848.464 GC heap after
Heap after GC invocations=20 (full 4):
 PSYoungGen      total 616960K, used 53221K [0x00000000d5580000, 0x0000000100000000, 0x0000000100000000)
  eden space 563712K, 0% used [0x00000000d5580000,0x00000000d5580000,0x00000000f7c00000)
  from space 53248K, 99% used [0x00000000fcc00000,0x00000000ffff94b0,0x0000000100000000)
  to   space 67584K, 0% used [0x00000000f7c00000,0x00000000f7c00000,0x00000000fbe00000)
 ParOldGen       total 229376K, used 123172K [0x0000000080000000, 0x000000008e000000, 0x00000000d5580000)
  object space 229376K, 53% used [0x0000000080000000,0x0000000087849310,0x000000008e000000)
 Metaspace       used 92767K, capacity 98460K, committed 98728K, reserved 1134592K
  class space    used 12128K, capacity 13159K, committed 13232K, reserved 1048576K
}
Event: 2212.286 GC heap before
{Heap before GC invocations=21 (full 4):
 PSYoungGen      total 616960K, used 616933K [0x00000000d5580000, 0x0000000100000000, 0x0000000100000000)
  eden space 563712K, 100% used [0x00000000d5580000,0x00000000f7c00000,0x00000000f7c00000)
  from space 53248K, 99% used [0x00000000fcc00000,0x00000000ffff94b0,0x0000000100000000)
  to   space 67584K, 0% used [0x00000000f7c00000,0x00000000f7c00000,0x00000000fbe00000)
 ParOldGen       total 229376K, used 123172K [0x0000000080000000, 0x000000008e000000, 0x00000000d5580000)
  object space 229376K, 53% used [0x0000000080000000,0x0000000087849310,0x000000008e000000)
 Metaspace       used 94237K, capacity 101664K, committed 101800K, reserved 1136640K
  class space    used 12382K, capacity 13629K, committed 13744K, reserved 1048576K
Event: 2212.336 GC heap after
Heap after GC invocations=21 (full 4):
 PSYoungGen      total 631296K, used 18398K [0x00000000d5580000, 0x0000000100000000, 0x0000000100000000)
  eden space 563712K, 0% used [0x00000000d5580000,0x00000000d5580000,0x00000000f7c00000)
  from space 67584K, 27% used [0x00000000f7c00000,0x00000000f8df7940,0x00000000fbe00000)
  to   space 64512K, 0% used [0x00000000fc100000,0x00000000fc100000,0x0000000100000000)
 ParOldGen       total 229376K, used 124396K [0x0000000080000000, 0x000000008e000000, 0x00000000d5580000)
  object space 229376K, 54% used [0x0000000080000000,0x000000008797b3b0,0x000000008e000000)
 Metaspace       used 94237K, capacity 101664K, committed 101800K, reserved 1136640K
  class space    used 12382K, capacity 13629K, committed 13744K, reserved 1048576K
}

