# JRE version: OpenJDK Runtime Environment (8.0_242-b01) (build 1.8.0_242-release-1644-b01)
# Java VM: OpenJDK 64-Bit Server VM (25.242-b01 mixed mode windows-amd64 compressed oops)
Heap:
 PSYoungGen      total 503808K, used 369735K [0x00000000e0000000, 0x0000000100000000, 0x0000000100000000)
  eden space 486400K, 76% used [0x00000000e0000000,0x00000000f6911f70,0x00000000fdb00000)
  from space 17408K, 0% used [0x00000000fef00000,0x00000000fef00000,0x0000000100000000)
  to   space 18944K, 0% used [0x00000000fdb00000,0x00000000fdb00000,0x00000000fed80000)
 ParOldGen       total 111104K, used 36038K [0x00000000a0000000, 0x00000000a6c80000, 0x00000000e0000000)
  object space 111104K, 32% used [0x00000000a0000000,0x00000000a23319a0,0x00000000a6c80000)
 Metaspace       used 73991K, capacity 76512K, committed 76800K, reserved 1116160K
  class space    used 9862K, capacity 10451K, committed 10496K, reserved 1048576K
GC Heap History (10 events):
Event: 29.805 GC heap before
{Heap before GC invocations=13 (full 2):
 PSYoungGen      total 331264K, used 2013K [0x00000000e0000000, 0x00000000fcb00000, 0x0000000100000000)
  eden space 316416K, 0% used [0x00000000e0000000,0x00000000e0000000,0x00000000f3500000)
  from space 14848K, 13% used [0x00000000f3500000,0x00000000f36f7668,0x00000000f4380000)
  to   space 14848K, 0% used [0x00000000fbc80000,0x00000000fbc80000,0x00000000fcb00000)
 ParOldGen       total 56320K, used 20510K [0x00000000a0000000, 0x00000000a3700000, 0x00000000e0000000)
  object space 56320K, 36% used [0x00000000a0000000,0x00000000a1407b90,0x00000000a3700000)
 Metaspace       used 34646K, capacity 35462K, committed 35496K, reserved 1079296K
  class space    used 4618K, capacity 4858K, committed 4864K, reserved 1048576K
Event: 29.939 GC heap after
Heap after GC invocations=13 (full 2):
 PSYoungGen      total 331264K, used 0K [0x00000000e0000000, 0x00000000fcb00000, 0x0000000100000000)
  eden space 316416K, 0% used [0x00000000e0000000,0x00000000e0000000,0x00000000f3500000)
  from space 14848K, 0% used [0x00000000f3500000,0x00000000f3500000,0x00000000f4380000)
  to   space 14848K, 0% used [0x00000000fbc80000,0x00000000fbc80000,0x00000000fcb00000)
 ParOldGen       total 73216K, used 14441K [0x00000000a0000000, 0x00000000a4780000, 0x00000000e0000000)
  object space 73216K, 19% used [0x00000000a0000000,0x00000000a0e1a5d8,0x00000000a4780000)
 Metaspace       used 34580K, capacity 35338K, committed 35496K, reserved 1079296K
  class space    used 4600K, capacity 4838K, committed 4864K, reserved 1048576K
}
Event: 78.691 GC heap before
{Heap before GC invocations=14 (full 2):
 PSYoungGen      total 331264K, used 316416K [0x00000000e0000000, 0x00000000fcb00000, 0x0000000100000000)
  eden space 316416K, 100% used [0x00000000e0000000,0x00000000f3500000,0x00000000f3500000)
  from space 14848K, 0% used [0x00000000f3500000,0x00000000f3500000,0x00000000f4380000)
  to   space 14848K, 0% used [0x00000000fbc80000,0x00000000fbc80000,0x00000000fcb00000)
 ParOldGen       total 73216K, used 14441K [0x00000000a0000000, 0x00000000a4780000, 0x00000000e0000000)
  object space 73216K, 19% used [0x00000000a0000000,0x00000000a0e1a5d8,0x00000000a4780000)
 Metaspace       used 46836K, capacity 48040K, committed 48384K, reserved 1091584K
  class space    used 6000K, capacity 6305K, committed 6400K, reserved 1048576K
Event: 78.712 GC heap after
Heap after GC invocations=14 (full 2):
 PSYoungGen      total 438784K, used 14820K [0x00000000e0000000, 0x00000000fcb00000, 0x0000000100000000)
  eden space 423936K, 0% used [0x00000000e0000000,0x00000000e0000000,0x00000000f9e00000)
  from space 14848K, 99% used [0x00000000fbc80000,0x00000000fcaf9318,0x00000000fcb00000)
  to   space 17408K, 0% used [0x00000000fa900000,0x00000000fa900000,0x00000000fba00000)
 ParOldGen       total 73216K, used 15250K [0x00000000a0000000, 0x00000000a4780000, 0x00000000e0000000)
  object space 73216K, 20% used [0x00000000a0000000,0x00000000a0ee48e8,0x00000000a4780000)
 Metaspace       used 46836K, capacity 48040K, committed 48384K, reserved 1091584K
  class space    used 6000K, capacity 6305K, committed 6400K, reserved 1048576K
}
Event: 198.109 GC heap before
{Heap before GC invocations=15 (full 2):
 PSYoungGen      total 438784K, used 438756K [0x00000000e0000000, 0x00000000fcb00000, 0x0000000100000000)
  eden space 423936K, 100% used [0x00000000e0000000,0x00000000f9e00000,0x00000000f9e00000)
  from space 14848K, 99% used [0x00000000fbc80000,0x00000000fcaf9318,0x00000000fcb00000)
  to   space 17408K, 0% used [0x00000000fa900000,0x00000000fa900000,0x00000000fba00000)
 ParOldGen       total 73216K, used 15250K [0x00000000a0000000, 0x00000000a4780000, 0x00000000e0000000)
  object space 73216K, 20% used [0x00000000a0000000,0x00000000a0ee48e8,0x00000000a4780000)
 Metaspace       used 47073K, capacity 48302K, committed 48640K, reserved 1091584K
  class space    used 6000K, capacity 6306K, committed 6400K, reserved 1048576K
Event: 198.129 GC heap after
Heap after GC invocations=15 (full 2):
 PSYoungGen      total 452608K, used 2001K [0x00000000e0000000, 0x0000000100000000, 0x0000000100000000)
  eden space 435200K, 0% used [0x00000000e0000000,0x00000000e0000000,0x00000000fa900000)
  from space 17408K, 11% used [0x00000000fa900000,0x00000000faaf4690,0x00000000fba00000)
  to   space 17408K, 0% used [0x00000000fef00000,0x00000000fef00000,0x0000000100000000)
 ParOldGen       total 73216K, used 24459K [0x00000000a0000000, 0x00000000a4780000, 0x00000000e0000000)
  object space 73216K, 33% used [0x00000000a0000000,0x00000000a17e2d88,0x00000000a4780000)
 Metaspace       used 47073K, capacity 48302K, committed 48640K, reserved 1091584K
  class space    used 6000K, capacity 6306K, committed 6400K, reserved 1048576K
}
Event: 201.755 GC heap before
{Heap before GC invocations=16 (full 2):
 PSYoungGen      total 452608K, used 288140K [0x00000000e0000000, 0x0000000100000000, 0x0000000100000000)
  eden space 435200K, 65% used [0x00000000e0000000,0x00000000f176ec98,0x00000000fa900000)
  from space 17408K, 11% used [0x00000000fa900000,0x00000000faaf4690,0x00000000fba00000)
  to   space 17408K, 0% used [0x00000000fef00000,0x00000000fef00000,0x0000000100000000)
 ParOldGen       total 73216K, used 24459K [0x00000000a0000000, 0x00000000a4780000, 0x00000000e0000000)
  object space 73216K, 33% used [0x00000000a0000000,0x00000000a17e2d88,0x00000000a4780000)
 Metaspace       used 57302K, capacity 59032K, committed 59160K, reserved 1101824K
  class space    used 7292K, capacity 7736K, committed 7808K, reserved 1048576K
Event: 201.775 GC heap after
Heap after GC invocations=16 (full 2):
 PSYoungGen      total 503808K, used 14511K [0x00000000e0000000, 0x0000000100000000, 0x0000000100000000)
  eden space 486400K, 0% used [0x00000000e0000000,0x00000000e0000000,0x00000000fdb00000)
  from space 17408K, 83% used [0x00000000fef00000,0x00000000ffd2bfa8,0x0000000100000000)
  to   space 18944K, 0% used [0x00000000fdb00000,0x00000000fdb00000,0x00000000fed80000)
 ParOldGen       total 73216K, used 25135K [0x00000000a0000000, 0x00000000a4780000, 0x00000000e0000000)
  object space 73216K, 34% used [0x00000000a0000000,0x00000000a188bf18,0x00000000a4780000)
 Metaspace       used 57302K, capacity 59032K, committed 59160K, reserved 1101824K
  class space    used 7292K, capacity 7736K, committed 7808K, reserved 1048576K
}
Event: 201.775 GC heap before
{Heap before GC invocations=17 (full 3):
 PSYoungGen      total 503808K, used 14511K [0x00000000e0000000, 0x0000000100000000, 0x0000000100000000)
  eden space 486400K, 0% used [0x00000000e0000000,0x00000000e0000000,0x00000000fdb00000)
  from space 17408K, 83% used [0x00000000fef00000,0x00000000ffd2bfa8,0x0000000100000000)
  to   space 18944K, 0% used [0x00000000fdb00000,0x00000000fdb00000,0x00000000fed80000)
 ParOldGen       total 73216K, used 25135K [0x00000000a0000000, 0x00000000a4780000, 0x00000000e0000000)
  object space 73216K, 34% used [0x00000000a0000000,0x00000000a188bf18,0x00000000a4780000)
 Metaspace       used 57302K, capacity 59032K, committed 59160K, reserved 1101824K
  class space    used 7292K, capacity 7736K, committed 7808K, reserved 1048576K
Event: 202.127 GC heap after
Heap after GC invocations=17 (full 3):
 PSYoungGen      total 503808K, used 0K [0x00000000e0000000, 0x0000000100000000, 0x0000000100000000)
  eden space 486400K, 0% used [0x00000000e0000000,0x00000000e0000000,0x00000000fdb00000)
  from space 17408K, 0% used [0x00000000fef00000,0x00000000fef00000,0x0000000100000000)
  to   space 18944K, 0% used [0x00000000fdb00000,0x00000000fdb00000,0x00000000fed80000)
 ParOldGen       total 111104K, used 36038K [0x00000000a0000000, 0x00000000a6c80000, 0x00000000e0000000)
  object space 111104K, 32% used [0x00000000a0000000,0x00000000a23319a0,0x00000000a6c80000)
 Metaspace       used 57215K, capacity 58832K, committed 59160K, reserved 1101824K
  class space    used 7267K, capacity 7677K, committed 7808K, reserved 1048576K
}

