# JRE version: OpenJDK Runtime Environment (8.0_242-b01) (build 1.8.0_242-release-1644-b01)
# Java VM: OpenJDK 64-Bit Server VM (25.242-b01 mixed mode windows-amd64 compressed oops)
Heap:
 PSYoungGen      total 248320K, used 40054K [0x00000000d5580000, 0x00000000eb800000, 0x0000000100000000)
  eden space 230912K, 9% used [0x00000000d5580000,0x00000000d6ba1eb8,0x00000000e3700000)
  from space 17408K, 99% used [0x00000000e3700000,0x00000000e47fbc30,0x00000000e4800000)
  to   space 22528K, 0% used [0x00000000ea200000,0x00000000ea200000,0x00000000eb800000)
 ParOldGen       total 95232K, used 40626K [0x0000000080000000, 0x0000000085d00000, 0x00000000d5580000)
  object space 95232K, 42% used [0x0000000080000000,0x00000000827acab8,0x0000000085d00000)
 Metaspace       used 65998K, capacity 68760K, committed 69032K, reserved 1107968K
  class space    used 8943K, capacity 9527K, committed 9648K, reserved 1048576K
GC Heap History (10 events):
Event: 13.297 GC heap before
{Heap before GC invocations=12 (full 2):
 PSYoungGen      total 168448K, used 3424K [0x00000000d5580000, 0x00000000e2700000, 0x0000000100000000)
  eden space 155648K, 0% used [0x00000000d5580000,0x00000000d5580000,0x00000000ded80000)
  from space 12800K, 26% used [0x00000000dfa00000,0x00000000dfd58000,0x00000000e0680000)
  to   space 12800K, 0% used [0x00000000ded80000,0x00000000ded80000,0x00000000dfa00000)
 ParOldGen       total 50688K, used 11525K [0x0000000080000000, 0x0000000083180000, 0x00000000d5580000)
  object space 50688K, 22% used [0x0000000080000000,0x0000000080b417a8,0x0000000083180000)
 Metaspace       used 34600K, capacity 35442K, committed 35496K, reserved 1079296K
  class space    used 4753K, capacity 5004K, committed 5040K, reserved 1048576K
Event: 13.372 GC heap after
Heap after GC invocations=12 (full 2):
 PSYoungGen      total 168448K, used 0K [0x00000000d5580000, 0x00000000e2700000, 0x0000000100000000)
  eden space 155648K, 0% used [0x00000000d5580000,0x00000000d5580000,0x00000000ded80000)
  from space 12800K, 0% used [0x00000000dfa00000,0x00000000dfa00000,0x00000000e0680000)
  to   space 12800K, 0% used [0x00000000ded80000,0x00000000ded80000,0x00000000dfa00000)
 ParOldGen       total 62464K, used 13374K [0x0000000080000000, 0x0000000083d00000, 0x00000000d5580000)
  object space 62464K, 21% used [0x0000000080000000,0x0000000080d0f9b8,0x0000000083d00000)
 Metaspace       used 34600K, capacity 35442K, committed 35496K, reserved 1079296K
  class space    used 4753K, capacity 5004K, committed 5040K, reserved 1048576K
}
Event: 18.662 GC heap before
{Heap before GC invocations=13 (full 2):
 PSYoungGen      total 168448K, used 155648K [0x00000000d5580000, 0x00000000e2700000, 0x0000000100000000)
  eden space 155648K, 100% used [0x00000000d5580000,0x00000000ded80000,0x00000000ded80000)
  from space 12800K, 0% used [0x00000000dfa00000,0x00000000dfa00000,0x00000000e0680000)
  to   space 12800K, 0% used [0x00000000ded80000,0x00000000ded80000,0x00000000dfa00000)
 ParOldGen       total 62464K, used 13374K [0x0000000080000000, 0x0000000083d00000, 0x00000000d5580000)
  object space 62464K, 21% used [0x0000000080000000,0x0000000080d0f9b8,0x0000000083d00000)
 Metaspace       used 47217K, capacity 48660K, committed 49064K, reserved 1091584K
  class space    used 6353K, capacity 6716K, committed 6832K, reserved 1048576K
Event: 18.716 GC heap after
Heap after GC invocations=13 (full 2):
 PSYoungGen      total 168448K, used 12795K [0x00000000d5580000, 0x00000000e5a00000, 0x0000000100000000)
  eden space 155648K, 0% used [0x00000000d5580000,0x00000000d5580000,0x00000000ded80000)
  from space 12800K, 99% used [0x00000000ded80000,0x00000000df9fee48,0x00000000dfa00000)
  to   space 16384K, 0% used [0x00000000e4a00000,0x00000000e4a00000,0x00000000e5a00000)
 ParOldGen       total 62464K, used 18870K [0x0000000080000000, 0x0000000083d00000, 0x00000000d5580000)
  object space 62464K, 30% used [0x0000000080000000,0x000000008126db60,0x0000000083d00000)
 Metaspace       used 47217K, capacity 48660K, committed 49064K, reserved 1091584K
  class space    used 6353K, capacity 6716K, committed 6832K, reserved 1048576K
}
Event: 21.831 GC heap before
{Heap before GC invocations=14 (full 2):
 PSYoungGen      total 168448K, used 128164K [0x00000000d5580000, 0x00000000e5a00000, 0x0000000100000000)
  eden space 155648K, 74% used [0x00000000d5580000,0x00000000dc62a410,0x00000000ded80000)
  from space 12800K, 99% used [0x00000000ded80000,0x00000000df9fee48,0x00000000dfa00000)
  to   space 16384K, 0% used [0x00000000e4a00000,0x00000000e4a00000,0x00000000e5a00000)
 ParOldGen       total 62464K, used 18870K [0x0000000080000000, 0x0000000083d00000, 0x00000000d5580000)
  object space 62464K, 30% used [0x0000000080000000,0x000000008126db60,0x0000000083d00000)
 Metaspace       used 57135K, capacity 59074K, committed 59160K, reserved 1099776K
  class space    used 7842K, capacity 8312K, committed 8368K, reserved 1048576K
Event: 21.873 GC heap after
Heap after GC invocations=14 (full 2):
 PSYoungGen      total 246272K, used 13152K [0x00000000d5580000, 0x00000000e5900000, 0x0000000100000000)
  eden space 230912K, 0% used [0x00000000d5580000,0x00000000d5580000,0x00000000e3700000)
  from space 15360K, 85% used [0x00000000e4a00000,0x00000000e56d8140,0x00000000e5900000)
  to   space 17408K, 0% used [0x00000000e3700000,0x00000000e3700000,0x00000000e4800000)
 ParOldGen       total 62464K, used 27736K [0x0000000080000000, 0x0000000083d00000, 0x00000000d5580000)
  object space 62464K, 44% used [0x0000000080000000,0x0000000081b161b0,0x0000000083d00000)
 Metaspace       used 57135K, capacity 59074K, committed 59160K, reserved 1099776K
  class space    used 7842K, capacity 8312K, committed 8368K, reserved 1048576K
}
Event: 21.873 GC heap before
{Heap before GC invocations=15 (full 3):
 PSYoungGen      total 246272K, used 13152K [0x00000000d5580000, 0x00000000e5900000, 0x0000000100000000)
  eden space 230912K, 0% used [0x00000000d5580000,0x00000000d5580000,0x00000000e3700000)
  from space 15360K, 85% used [0x00000000e4a00000,0x00000000e56d8140,0x00000000e5900000)
  to   space 17408K, 0% used [0x00000000e3700000,0x00000000e3700000,0x00000000e4800000)
 ParOldGen       total 62464K, used 27736K [0x0000000080000000, 0x0000000083d00000, 0x00000000d5580000)
  object space 62464K, 44% used [0x0000000080000000,0x0000000081b161b0,0x0000000083d00000)
 Metaspace       used 57135K, capacity 59074K, committed 59160K, reserved 1099776K
  class space    used 7842K, capacity 8312K, committed 8368K, reserved 1048576K
Event: 22.218 GC heap after
Heap after GC invocations=15 (full 3):
 PSYoungGen      total 246272K, used 0K [0x00000000d5580000, 0x00000000e5900000, 0x0000000100000000)
  eden space 230912K, 0% used [0x00000000d5580000,0x00000000d5580000,0x00000000e3700000)
  from space 15360K, 0% used [0x00000000e4a00000,0x00000000e4a00000,0x00000000e5900000)
  to   space 17408K, 0% used [0x00000000e3700000,0x00000000e3700000,0x00000000e4800000)
 ParOldGen       total 95232K, used 33742K [0x0000000080000000, 0x0000000085d00000, 0x00000000d5580000)
  object space 95232K, 35% used [0x0000000080000000,0x00000000820f3890,0x0000000085d00000)
 Metaspace       used 57128K, capacity 59050K, committed 59160K, reserved 1099776K
  class space    used 7840K, capacity 8308K, committed 8368K, reserved 1048576K
}
Event: 34.608 GC heap before
{Heap before GC invocations=16 (full 3):
 PSYoungGen      total 246272K, used 230912K [0x00000000d5580000, 0x00000000e5900000, 0x0000000100000000)
  eden space 230912K, 100% used [0x00000000d5580000,0x00000000e3700000,0x00000000e3700000)
  from space 15360K, 0% used [0x00000000e4a00000,0x00000000e4a00000,0x00000000e5900000)
  to   space 17408K, 0% used [0x00000000e3700000,0x00000000e3700000,0x00000000e4800000)
 ParOldGen       total 95232K, used 33742K [0x0000000080000000, 0x0000000085d00000, 0x00000000d5580000)
  object space 95232K, 35% used [0x0000000080000000,0x00000000820f3890,0x0000000085d00000)
 Metaspace       used 65790K, capacity 68590K, committed 68648K, reserved 1107968K
  class space    used 8920K, capacity 9520K, committed 9520K, reserved 1048576K
Event: 34.679 GC heap after
Heap after GC invocations=16 (full 3):
 PSYoungGen      total 248320K, used 17391K [0x00000000d5580000, 0x00000000eb800000, 0x0000000100000000)
  eden space 230912K, 0% used [0x00000000d5580000,0x00000000d5580000,0x00000000e3700000)
  from space 17408K, 99% used [0x00000000e3700000,0x00000000e47fbc30,0x00000000e4800000)
  to   space 22528K, 0% used [0x00000000ea200000,0x00000000ea200000,0x00000000eb800000)
 ParOldGen       total 95232K, used 40626K [0x0000000080000000, 0x0000000085d00000, 0x00000000d5580000)
  object space 95232K, 42% used [0x0000000080000000,0x00000000827acab8,0x0000000085d00000)
 Metaspace       used 65790K, capacity 68590K, committed 68648K, reserved 1107968K
  class space    used 8920K, capacity 9520K, committed 9520K, reserved 1048576K
}

