# JRE version: OpenJDK Runtime Environment (8.0_242-b01) (build 1.8.0_242-release-1644-b01)
# Java VM: OpenJDK 64-Bit Server VM (25.242-b01 mixed mode windows-amd64 compressed oops)
Heap:
 PSYoungGen      total 290304K, used 267581K [0x00000000d5580000, 0x00000000e8600000, 0x0000000100000000)
  eden space 268800K, 92% used [0x00000000d5580000,0x00000000e47b1cb8,0x00000000e5c00000)
  from space 21504K, 91% used [0x00000000e5c00000,0x00000000e6f1da40,0x00000000e7100000)
  to   space 14336K, 0% used [0x00000000e7800000,0x00000000e7800000,0x00000000e8600000)
 ParOldGen       total 107520K, used 57183K [0x0000000080000000, 0x0000000086900000, 0x00000000d5580000)
  object space 107520K, 53% used [0x0000000080000000,0x00000000837d7e70,0x0000000086900000)
 Metaspace       used 86977K, capacity 91310K, committed 91440K, reserved 1128448K
  class space    used 11713K, capacity 12528K, committed 12592K, reserved 1048576K
GC Heap History (10 events):
Event: 13.107 GC heap before
{Heap before GC invocations=14 (full 2):
 PSYoungGen      total 163328K, used 126820K [0x00000000d5580000, 0x00000000e4780000, 0x0000000100000000)
  eden space 151040K, 75% used [0x00000000d5580000,0x00000000dc55b4f0,0x00000000de900000)
  from space 12288K, 99% used [0x00000000de900000,0x00000000df4fdce8,0x00000000df500000)
  to   space 16384K, 0% used [0x00000000e3780000,0x00000000e3780000,0x00000000e4780000)
 ParOldGen       total 69120K, used 20270K [0x0000000080000000, 0x0000000084380000, 0x00000000d5580000)
  object space 69120K, 29% used [0x0000000080000000,0x00000000813cb820,0x0000000084380000)
 Metaspace       used 57114K, capacity 59064K, committed 59160K, reserved 1099776K
  class space    used 7837K, capacity 8283K, committed 8368K, reserved 1048576K
Event: 13.150 GC heap after
Heap after GC invocations=14 (full 2):
 PSYoungGen      total 227328K, used 13358K [0x00000000d5580000, 0x00000000e4700000, 0x0000000100000000)
  eden space 211456K, 0% used [0x00000000d5580000,0x00000000d5580000,0x00000000e2400000)
  from space 15872K, 84% used [0x00000000e3780000,0x00000000e448b910,0x00000000e4700000)
  to   space 17920K, 0% used [0x00000000e2400000,0x00000000e2400000,0x00000000e3580000)
 ParOldGen       total 69120K, used 29087K [0x0000000080000000, 0x0000000084380000, 0x00000000d5580000)
  object space 69120K, 42% used [0x0000000080000000,0x0000000081c67ec0,0x0000000084380000)
 Metaspace       used 57114K, capacity 59064K, committed 59160K, reserved 1099776K
  class space    used 7837K, capacity 8283K, committed 8368K, reserved 1048576K
}
Event: 13.150 GC heap before
{Heap before GC invocations=15 (full 3):
 PSYoungGen      total 227328K, used 13358K [0x00000000d5580000, 0x00000000e4700000, 0x0000000100000000)
  eden space 211456K, 0% used [0x00000000d5580000,0x00000000d5580000,0x00000000e2400000)
  from space 15872K, 84% used [0x00000000e3780000,0x00000000e448b910,0x00000000e4700000)
  to   space 17920K, 0% used [0x00000000e2400000,0x00000000e2400000,0x00000000e3580000)
 ParOldGen       total 69120K, used 29087K [0x0000000080000000, 0x0000000084380000, 0x00000000d5580000)
  object space 69120K, 42% used [0x0000000080000000,0x0000000081c67ec0,0x0000000084380000)
 Metaspace       used 57114K, capacity 59064K, committed 59160K, reserved 1099776K
  class space    used 7837K, capacity 8283K, committed 8368K, reserved 1048576K
Event: 13.508 GC heap after
Heap after GC invocations=15 (full 3):
 PSYoungGen      total 227328K, used 0K [0x00000000d5580000, 0x00000000e4700000, 0x0000000100000000)
  eden space 211456K, 0% used [0x00000000d5580000,0x00000000d5580000,0x00000000e2400000)
  from space 15872K, 0% used [0x00000000e3780000,0x00000000e3780000,0x00000000e4700000)
  to   space 17920K, 0% used [0x00000000e2400000,0x00000000e2400000,0x00000000e3580000)
 ParOldGen       total 107520K, used 33940K [0x0000000080000000, 0x0000000086900000, 0x00000000d5580000)
  object space 107520K, 31% used [0x0000000080000000,0x0000000082125348,0x0000000086900000)
 Metaspace       used 57100K, capacity 59016K, committed 59160K, reserved 1099776K
  class space    used 7832K, capacity 8275K, committed 8368K, reserved 1048576K
}
Event: 18.651 GC heap before
{Heap before GC invocations=16 (full 3):
 PSYoungGen      total 227328K, used 211456K [0x00000000d5580000, 0x00000000e4700000, 0x0000000100000000)
  eden space 211456K, 100% used [0x00000000d5580000,0x00000000e2400000,0x00000000e2400000)
  from space 15872K, 0% used [0x00000000e3780000,0x00000000e3780000,0x00000000e4700000)
  to   space 17920K, 0% used [0x00000000e2400000,0x00000000e2400000,0x00000000e3580000)
 ParOldGen       total 107520K, used 33940K [0x0000000080000000, 0x0000000086900000, 0x00000000d5580000)
  object space 107520K, 31% used [0x0000000080000000,0x0000000082125348,0x0000000086900000)
 Metaspace       used 65435K, capacity 68258K, committed 68400K, reserved 1107968K
  class space    used 8890K, capacity 9492K, committed 9520K, reserved 1048576K
Event: 18.730 GC heap after
Heap after GC invocations=16 (full 3):
 PSYoungGen      total 229376K, used 17900K [0x00000000d5580000, 0x00000000e8e00000, 0x0000000100000000)
  eden space 211456K, 0% used [0x00000000d5580000,0x00000000d5580000,0x00000000e2400000)
  from space 17920K, 99% used [0x00000000e2400000,0x00000000e357b348,0x00000000e3580000)
  to   space 22528K, 0% used [0x00000000e7800000,0x00000000e7800000,0x00000000e8e00000)
 ParOldGen       total 107520K, used 39892K [0x0000000080000000, 0x0000000086900000, 0x00000000d5580000)
  object space 107520K, 37% used [0x0000000080000000,0x00000000826f5310,0x0000000086900000)
 Metaspace       used 65435K, capacity 68258K, committed 68400K, reserved 1107968K
  class space    used 8890K, capacity 9492K, committed 9520K, reserved 1048576K
}
Event: 25.192 GC heap before
{Heap before GC invocations=17 (full 3):
 PSYoungGen      total 229376K, used 229356K [0x00000000d5580000, 0x00000000e8e00000, 0x0000000100000000)
  eden space 211456K, 100% used [0x00000000d5580000,0x00000000e2400000,0x00000000e2400000)
  from space 17920K, 99% used [0x00000000e2400000,0x00000000e357b348,0x00000000e3580000)
  to   space 22528K, 0% used [0x00000000e7800000,0x00000000e7800000,0x00000000e8e00000)
 ParOldGen       total 107520K, used 39892K [0x0000000080000000, 0x0000000086900000, 0x00000000d5580000)
  object space 107520K, 37% used [0x0000000080000000,0x00000000826f5310,0x0000000086900000)
 Metaspace       used 70666K, capacity 73682K, committed 73904K, reserved 1114112K
  class space    used 9491K, capacity 10112K, committed 10160K, reserved 1048576K
Event: 25.255 GC heap after
Heap after GC invocations=17 (full 3):
 PSYoungGen      total 283136K, used 9202K [0x00000000d5580000, 0x00000000e8600000, 0x0000000100000000)
  eden space 268800K, 0% used [0x00000000d5580000,0x00000000d5580000,0x00000000e5c00000)
  from space 14336K, 64% used [0x00000000e7800000,0x00000000e80fc8b8,0x00000000e8600000)
  to   space 21504K, 0% used [0x00000000e5c00000,0x00000000e5c00000,0x00000000e7100000)
 ParOldGen       total 107520K, used 57175K [0x0000000080000000, 0x0000000086900000, 0x00000000d5580000)
  object space 107520K, 53% used [0x0000000080000000,0x00000000837d5e70,0x0000000086900000)
 Metaspace       used 70666K, capacity 73682K, committed 73904K, reserved 1114112K
  class space    used 9491K, capacity 10112K, committed 10160K, reserved 1048576K
}
Event: 31.244 GC heap before
{Heap before GC invocations=18 (full 3):
 PSYoungGen      total 283136K, used 278002K [0x00000000d5580000, 0x00000000e8600000, 0x0000000100000000)
  eden space 268800K, 100% used [0x00000000d5580000,0x00000000e5c00000,0x00000000e5c00000)
  from space 14336K, 64% used [0x00000000e7800000,0x00000000e80fc8b8,0x00000000e8600000)
  to   space 21504K, 0% used [0x00000000e5c00000,0x00000000e5c00000,0x00000000e7100000)
 ParOldGen       total 107520K, used 57175K [0x0000000080000000, 0x0000000086900000, 0x00000000d5580000)
  object space 107520K, 53% used [0x0000000080000000,0x00000000837d5e70,0x0000000086900000)
 Metaspace       used 84897K, capacity 89094K, committed 89264K, reserved 1126400K
  class space    used 11425K, capacity 12198K, committed 12208K, reserved 1048576K
Event: 31.283 GC heap after
Heap after GC invocations=18 (full 3):
 PSYoungGen      total 290304K, used 19574K [0x00000000d5580000, 0x00000000e8600000, 0x0000000100000000)
  eden space 268800K, 0% used [0x00000000d5580000,0x00000000d5580000,0x00000000e5c00000)
  from space 21504K, 91% used [0x00000000e5c00000,0x00000000e6f1da40,0x00000000e7100000)
  to   space 14336K, 0% used [0x00000000e7800000,0x00000000e7800000,0x00000000e8600000)
 ParOldGen       total 107520K, used 57183K [0x0000000080000000, 0x0000000086900000, 0x00000000d5580000)
  object space 107520K, 53% used [0x0000000080000000,0x00000000837d7e70,0x0000000086900000)
 Metaspace       used 84897K, capacity 89094K, committed 89264K, reserved 1126400K
  class space    used 11425K, capacity 12198K, committed 12208K, reserved 1048576K
}

