# JRE version: OpenJDK Runtime Environment (8.0_242-b01) (build 1.8.0_242-release-1644-b01)
# Java VM: OpenJDK 64-Bit Server VM (25.242-b01 mixed mode windows-amd64 compressed oops)
Heap:
 PSYoungGen      total 366592K, used 225613K [0x00000000d5580000, 0x00000000ee700000, 0x0000000100000000)
  eden space 343552K, 65% used [0x00000000d5580000,0x00000000e31d3430,0x00000000ea500000)
  from space 23040K, 0% used [0x00000000ea500000,0x00000000ea500000,0x00000000ebb80000)
  to   space 14336K, 0% used [0x00000000ebb80000,0x00000000ebb80000,0x00000000ec980000)
 ParOldGen       total 126464K, used 29359K [0x0000000080000000, 0x0000000087b80000, 0x00000000d5580000)
  object space 126464K, 23% used [0x0000000080000000,0x0000000081cabf30,0x0000000087b80000)
 Metaspace       used 65366K, capacity 68000K, committed 68136K, reserved 1107968K
  class space    used 8872K, capacity 9457K, committed 9520K, reserved 1048576K
GC Heap History (10 events):
Event: 7.663 GC heap before
{Heap before GC invocations=8 (full 1):
 PSYoungGen      total 221696K, used 66496K [0x00000000d5580000, 0x00000000e6580000, 0x0000000100000000)
  eden space 209408K, 25% used [0x00000000d5580000,0x00000000d8a70998,0x00000000e2200000)
  from space 12288K, 99% used [0x00000000e5980000,0x00000000e657f7a8,0x00000000e6580000)
  to   space 14848K, 0% used [0x00000000e4880000,0x00000000e4880000,0x00000000e5700000)
 ParOldGen       total 57344K, used 8362K [0x0000000080000000, 0x0000000083800000, 0x00000000d5580000)
  object space 57344K, 14% used [0x0000000080000000,0x000000008082a970,0x0000000083800000)
 Metaspace       used 34593K, capacity 35414K, committed 35496K, reserved 1079296K
  class space    used 4748K, capacity 4972K, committed 5040K, reserved 1048576K
Event: 7.687 GC heap after
Heap after GC invocations=8 (full 1):
 PSYoungGen      total 263680K, used 9034K [0x00000000d5580000, 0x00000000ec980000, 0x0000000100000000)
  eden space 248832K, 0% used [0x00000000d5580000,0x00000000d5580000,0x00000000e4880000)
  from space 14848K, 60% used [0x00000000e4880000,0x00000000e5152b68,0x00000000e5700000)
  to   space 14336K, 0% used [0x00000000ebb80000,0x00000000ebb80000,0x00000000ec980000)
 ParOldGen       total 57344K, used 8370K [0x0000000080000000, 0x0000000083800000, 0x00000000d5580000)
  object space 57344K, 14% used [0x0000000080000000,0x000000008082c970,0x0000000083800000)
 Metaspace       used 34593K, capacity 35414K, committed 35496K, reserved 1079296K
  class space    used 4748K, capacity 4972K, committed 5040K, reserved 1048576K
}
Event: 7.687 GC heap before
{Heap before GC invocations=9 (full 2):
 PSYoungGen      total 263680K, used 9034K [0x00000000d5580000, 0x00000000ec980000, 0x0000000100000000)
  eden space 248832K, 0% used [0x00000000d5580000,0x00000000d5580000,0x00000000e4880000)
  from space 14848K, 60% used [0x00000000e4880000,0x00000000e5152b68,0x00000000e5700000)
  to   space 14336K, 0% used [0x00000000ebb80000,0x00000000ebb80000,0x00000000ec980000)
 ParOldGen       total 57344K, used 8370K [0x0000000080000000, 0x0000000083800000, 0x00000000d5580000)
  object space 57344K, 14% used [0x0000000080000000,0x000000008082c970,0x0000000083800000)
 Metaspace       used 34593K, capacity 35414K, committed 35496K, reserved 1079296K
  class space    used 4748K, capacity 4972K, committed 5040K, reserved 1048576K
Event: 7.801 GC heap after
Heap after GC invocations=9 (full 2):
 PSYoungGen      total 263680K, used 0K [0x00000000d5580000, 0x00000000ec980000, 0x0000000100000000)
  eden space 248832K, 0% used [0x00000000d5580000,0x00000000d5580000,0x00000000e4880000)
  from space 14848K, 0% used [0x00000000e4880000,0x00000000e4880000,0x00000000e5700000)
  to   space 14336K, 0% used [0x00000000ebb80000,0x00000000ebb80000,0x00000000ec980000)
 ParOldGen       total 88064K, used 15554K [0x0000000080000000, 0x0000000085600000, 0x00000000d5580000)
  object space 88064K, 17% used [0x0000000080000000,0x0000000080f30af0,0x0000000085600000)
 Metaspace       used 34593K, capacity 35414K, committed 35496K, reserved 1079296K
  class space    used 4748K, capacity 4972K, committed 5040K, reserved 1048576K
}
Event: 13.333 GC heap before
{Heap before GC invocations=10 (full 2):
 PSYoungGen      total 263680K, used 248832K [0x00000000d5580000, 0x00000000ec980000, 0x0000000100000000)
  eden space 248832K, 100% used [0x00000000d5580000,0x00000000e4880000,0x00000000e4880000)
  from space 14848K, 0% used [0x00000000e4880000,0x00000000e4880000,0x00000000e5700000)
  to   space 14336K, 0% used [0x00000000ebb80000,0x00000000ebb80000,0x00000000ec980000)
 ParOldGen       total 88064K, used 15554K [0x0000000080000000, 0x0000000085600000, 0x00000000d5580000)
  object space 88064K, 17% used [0x0000000080000000,0x0000000080f30af0,0x0000000085600000)
 Metaspace       used 55141K, capacity 57134K, committed 57256K, reserved 1097728K
  class space    used 7530K, capacity 8010K, committed 8112K, reserved 1048576K
Event: 13.452 GC heap after
Heap after GC invocations=10 (full 2):
 PSYoungGen      total 357888K, used 14332K [0x00000000d5580000, 0x00000000ee700000, 0x0000000100000000)
  eden space 343552K, 0% used [0x00000000d5580000,0x00000000d5580000,0x00000000ea500000)
  from space 14336K, 99% used [0x00000000ebb80000,0x00000000ec97f320,0x00000000ec980000)
  to   space 23040K, 0% used [0x00000000ea500000,0x00000000ea500000,0x00000000ebb80000)
 ParOldGen       total 88064K, used 30173K [0x0000000080000000, 0x0000000085600000, 0x00000000d5580000)
  object space 88064K, 34% used [0x0000000080000000,0x0000000081d77668,0x0000000085600000)
 Metaspace       used 55141K, capacity 57134K, committed 57256K, reserved 1097728K
  class space    used 7530K, capacity 8010K, committed 8112K, reserved 1048576K
}
Event: 13.926 GC heap before
{Heap before GC invocations=11 (full 2):
 PSYoungGen      total 357888K, used 37951K [0x00000000d5580000, 0x00000000ee700000, 0x0000000100000000)
  eden space 343552K, 6% used [0x00000000d5580000,0x00000000d6c909f0,0x00000000ea500000)
  from space 14336K, 99% used [0x00000000ebb80000,0x00000000ec97f320,0x00000000ec980000)
  to   space 23040K, 0% used [0x00000000ea500000,0x00000000ea500000,0x00000000ebb80000)
 ParOldGen       total 88064K, used 30173K [0x0000000080000000, 0x0000000085600000, 0x00000000d5580000)
  object space 88064K, 34% used [0x0000000080000000,0x0000000081d77668,0x0000000085600000)
 Metaspace       used 57085K, capacity 59024K, committed 59160K, reserved 1099776K
  class space    used 7839K, capacity 8283K, committed 8368K, reserved 1048576K
Event: 13.960 GC heap after
Heap after GC invocations=11 (full 2):
 PSYoungGen      total 366592K, used 16530K [0x00000000d5580000, 0x00000000ee700000, 0x0000000100000000)
  eden space 343552K, 0% used [0x00000000d5580000,0x00000000d5580000,0x00000000ea500000)
  from space 23040K, 71% used [0x00000000ea500000,0x00000000eb524bc8,0x00000000ebb80000)
  to   space 14336K, 0% used [0x00000000ebb80000,0x00000000ebb80000,0x00000000ec980000)
 ParOldGen       total 88064K, used 30181K [0x0000000080000000, 0x0000000085600000, 0x00000000d5580000)
  object space 88064K, 34% used [0x0000000080000000,0x0000000081d79668,0x0000000085600000)
 Metaspace       used 57085K, capacity 59024K, committed 59160K, reserved 1099776K
  class space    used 7839K, capacity 8283K, committed 8368K, reserved 1048576K
}
Event: 13.961 GC heap before
{Heap before GC invocations=12 (full 3):
 PSYoungGen      total 366592K, used 16530K [0x00000000d5580000, 0x00000000ee700000, 0x0000000100000000)
  eden space 343552K, 0% used [0x00000000d5580000,0x00000000d5580000,0x00000000ea500000)
  from space 23040K, 71% used [0x00000000ea500000,0x00000000eb524bc8,0x00000000ebb80000)
  to   space 14336K, 0% used [0x00000000ebb80000,0x00000000ebb80000,0x00000000ec980000)
 ParOldGen       total 88064K, used 30181K [0x0000000080000000, 0x0000000085600000, 0x00000000d5580000)
  object space 88064K, 34% used [0x0000000080000000,0x0000000081d79668,0x0000000085600000)
 Metaspace       used 57085K, capacity 59024K, committed 59160K, reserved 1099776K
  class space    used 7839K, capacity 8283K, committed 8368K, reserved 1048576K
Event: 14.260 GC heap after
Heap after GC invocations=12 (full 3):
 PSYoungGen      total 366592K, used 0K [0x00000000d5580000, 0x00000000ee700000, 0x0000000100000000)
  eden space 343552K, 0% used [0x00000000d5580000,0x00000000d5580000,0x00000000ea500000)
  from space 23040K, 0% used [0x00000000ea500000,0x00000000ea500000,0x00000000ebb80000)
  to   space 14336K, 0% used [0x00000000ebb80000,0x00000000ebb80000,0x00000000ec980000)
 ParOldGen       total 126464K, used 29359K [0x0000000080000000, 0x0000000087b80000, 0x00000000d5580000)
  object space 126464K, 23% used [0x0000000080000000,0x0000000081cabf30,0x0000000087b80000)
 Metaspace       used 57079K, capacity 59006K, committed 59160K, reserved 1099776K
  class space    used 7838K, capacity 8280K, committed 8368K, reserved 1048576K
}

