# JRE version: OpenJDK Runtime Environment (8.0_242-b01) (build 1.8.0_242-release-1644-b01)
# Java VM: OpenJDK 64-Bit Server VM (25.242-b01 mixed mode windows-amd64 compressed oops)
Heap:
 PSYoungGen      total 164352K, used 140840K [0x00000000d5580000, 0x00000000e0580000, 0x0000000100000000)
  eden space 155136K, 84% used [0x00000000d5580000,0x00000000dd63dc48,0x00000000ded00000)
  from space 9216K, 97% used [0x00000000dfc80000,0x00000000e054c4a8,0x00000000e0580000)
  to   space 12288K, 0% used [0x00000000ded80000,0x00000000ded80000,0x00000000df980000)
 ParOldGen       total 49152K, used 17994K [0x0000000080000000, 0x0000000083000000, 0x00000000d5580000)
  object space 49152K, 36% used [0x0000000080000000,0x0000000081192a90,0x0000000083000000)
 Metaspace       used 51541K, capacity 53704K, committed 53976K, reserved 1095680K
  class space    used 6882K, capacity 7316K, committed 7424K, reserved 1048576K
GC Heap History (10 events):
Event: 5.493 GC heap before
{Heap before GC invocations=8 (full 1):
 PSYoungGen      total 72704K, used 4809K [0x00000000d5580000, 0x00000000de280000, 0x0000000100000000)
  eden space 61952K, 0% used [0x00000000d5580000,0x00000000d5580000,0x00000000d9200000)
  from space 10752K, 44% used [0x00000000d9200000,0x00000000d96b24e8,0x00000000d9c80000)
  to   space 10240K, 0% used [0x00000000dd880000,0x00000000dd880000,0x00000000de280000)
 ParOldGen       total 84992K, used 7124K [0x0000000080000000, 0x0000000085300000, 0x00000000d5580000)
  object space 84992K, 8% used [0x0000000080000000,0x00000000806f5310,0x0000000085300000)
 Metaspace       used 20485K, capacity 21154K, committed 21248K, reserved 1067008K
  class space    used 2854K, capacity 3035K, committed 3072K, reserved 1048576K
Event: 5.543 GC heap after
Heap after GC invocations=8 (full 1):
 PSYoungGen      total 72704K, used 0K [0x00000000d5580000, 0x00000000de280000, 0x0000000100000000)
  eden space 61952K, 0% used [0x00000000d5580000,0x00000000d5580000,0x00000000d9200000)
  from space 10752K, 0% used [0x00000000d9200000,0x00000000d9200000,0x00000000d9c80000)
  to   space 10240K, 0% used [0x00000000dd880000,0x00000000dd880000,0x00000000de280000)
 ParOldGen       total 49152K, used 7212K [0x0000000080000000, 0x0000000083000000, 0x00000000d5580000)
  object space 49152K, 14% used [0x0000000080000000,0x000000008070b170,0x0000000083000000)
 Metaspace       used 20485K, capacity 21154K, committed 21248K, reserved 1067008K
  class space    used 2854K, capacity 3035K, committed 3072K, reserved 1048576K
}
Event: 6.587 GC heap before
{Heap before GC invocations=9 (full 1):
 PSYoungGen      total 72704K, used 61952K [0x00000000d5580000, 0x00000000de280000, 0x0000000100000000)
  eden space 61952K, 100% used [0x00000000d5580000,0x00000000d9200000,0x00000000d9200000)
  from space 10752K, 0% used [0x00000000d9200000,0x00000000d9200000,0x00000000d9c80000)
  to   space 10240K, 0% used [0x00000000dd880000,0x00000000dd880000,0x00000000de280000)
 ParOldGen       total 49152K, used 7212K [0x0000000080000000, 0x0000000083000000, 0x00000000d5580000)
  object space 49152K, 14% used [0x0000000080000000,0x000000008070b170,0x0000000083000000)
 Metaspace       used 24641K, capacity 25686K, committed 25856K, reserved 1071104K
  class space    used 3520K, capacity 3801K, committed 3840K, reserved 1048576K
Event: 6.594 GC heap after
Heap after GC invocations=9 (full 1):
 PSYoungGen      total 115200K, used 5244K [0x00000000d5580000, 0x00000000dde00000, 0x0000000100000000)
  eden space 109568K, 0% used [0x00000000d5580000,0x00000000d5580000,0x00000000dc080000)
  from space 5632K, 93% used [0x00000000dd880000,0x00000000ddd9f2b8,0x00000000dde00000)
  to   space 9728K, 0% used [0x00000000dcb00000,0x00000000dcb00000,0x00000000dd480000)
 ParOldGen       total 49152K, used 7220K [0x0000000080000000, 0x0000000083000000, 0x00000000d5580000)
  object space 49152K, 14% used [0x0000000080000000,0x000000008070d170,0x0000000083000000)
 Metaspace       used 24641K, capacity 25686K, committed 25856K, reserved 1071104K
  class space    used 3520K, capacity 3801K, committed 3840K, reserved 1048576K
}
Event: 8.082 GC heap before
{Heap before GC invocations=10 (full 1):
 PSYoungGen      total 115200K, used 97083K [0x00000000d5580000, 0x00000000dde00000, 0x0000000100000000)
  eden space 109568K, 83% used [0x00000000d5580000,0x00000000daf2fb48,0x00000000dc080000)
  from space 5632K, 93% used [0x00000000dd880000,0x00000000ddd9f2b8,0x00000000dde00000)
  to   space 9728K, 0% used [0x00000000dcb00000,0x00000000dcb00000,0x00000000dd480000)
 ParOldGen       total 49152K, used 7220K [0x0000000080000000, 0x0000000083000000, 0x00000000d5580000)
  object space 49152K, 14% used [0x0000000080000000,0x000000008070d170,0x0000000083000000)
 Metaspace       used 33996K, capacity 35250K, committed 35416K, reserved 1079296K
  class space    used 4586K, capacity 4880K, committed 4992K, reserved 1048576K
Event: 8.112 GC heap after
Heap after GC invocations=10 (full 1):
 PSYoungGen      total 130048K, used 9717K [0x00000000d5580000, 0x00000000e0800000, 0x0000000100000000)
  eden space 120320K, 0% used [0x00000000d5580000,0x00000000d5580000,0x00000000dcb00000)
  from space 9728K, 99% used [0x00000000dcb00000,0x00000000dd47d6b0,0x00000000dd480000)
  to   space 11776K, 0% used [0x00000000dfc80000,0x00000000dfc80000,0x00000000e0800000)
 ParOldGen       total 49152K, used 9230K [0x0000000080000000, 0x0000000083000000, 0x00000000d5580000)
  object space 49152K, 18% used [0x0000000080000000,0x0000000080903a00,0x0000000083000000)
 Metaspace       used 33996K, capacity 35250K, committed 35416K, reserved 1079296K
  class space    used 4586K, capacity 4880K, committed 4992K, reserved 1048576K
}
Event: 8.112 GC heap before
{Heap before GC invocations=11 (full 2):
 PSYoungGen      total 130048K, used 9717K [0x00000000d5580000, 0x00000000e0800000, 0x0000000100000000)
  eden space 120320K, 0% used [0x00000000d5580000,0x00000000d5580000,0x00000000dcb00000)
  from space 9728K, 99% used [0x00000000dcb00000,0x00000000dd47d6b0,0x00000000dd480000)
  to   space 11776K, 0% used [0x00000000dfc80000,0x00000000dfc80000,0x00000000e0800000)
 ParOldGen       total 49152K, used 9230K [0x0000000080000000, 0x0000000083000000, 0x00000000d5580000)
  object space 49152K, 18% used [0x0000000080000000,0x0000000080903a00,0x0000000083000000)
 Metaspace       used 33996K, capacity 35250K, committed 35416K, reserved 1079296K
  class space    used 4586K, capacity 4880K, committed 4992K, reserved 1048576K
Event: 8.221 GC heap after
Heap after GC invocations=11 (full 2):
 PSYoungGen      total 130048K, used 0K [0x00000000d5580000, 0x00000000e0800000, 0x0000000100000000)
  eden space 120320K, 0% used [0x00000000d5580000,0x00000000d5580000,0x00000000dcb00000)
  from space 9728K, 0% used [0x00000000dcb00000,0x00000000dcb00000,0x00000000dd480000)
  to   space 11776K, 0% used [0x00000000dfc80000,0x00000000dfc80000,0x00000000e0800000)
 ParOldGen       total 49152K, used 17986K [0x0000000080000000, 0x0000000083000000, 0x00000000d5580000)
  object space 49152K, 36% used [0x0000000080000000,0x0000000081190a90,0x0000000083000000)
 Metaspace       used 33996K, capacity 35250K, committed 35416K, reserved 1079296K
  class space    used 4586K, capacity 4880K, committed 4992K, reserved 1048576K
}
Event: 10.858 GC heap before
{Heap before GC invocations=12 (full 2):
 PSYoungGen      total 130048K, used 120320K [0x00000000d5580000, 0x00000000e0800000, 0x0000000100000000)
  eden space 120320K, 100% used [0x00000000d5580000,0x00000000dcb00000,0x00000000dcb00000)
  from space 9728K, 0% used [0x00000000dcb00000,0x00000000dcb00000,0x00000000dd480000)
  to   space 11776K, 0% used [0x00000000dfc80000,0x00000000dfc80000,0x00000000e0800000)
 ParOldGen       total 49152K, used 17986K [0x0000000080000000, 0x0000000083000000, 0x00000000d5580000)
  object space 49152K, 36% used [0x0000000080000000,0x0000000081190a90,0x0000000083000000)
 Metaspace       used 38546K, capacity 40360K, committed 40536K, reserved 1083392K
  class space    used 5285K, capacity 5647K, committed 5760K, reserved 1048576K
Event: 10.889 GC heap after
Heap after GC invocations=12 (full 2):
 PSYoungGen      total 164352K, used 9009K [0x00000000d5580000, 0x00000000e0580000, 0x0000000100000000)
  eden space 155136K, 0% used [0x00000000d5580000,0x00000000d5580000,0x00000000ded00000)
  from space 9216K, 97% used [0x00000000dfc80000,0x00000000e054c4a8,0x00000000e0580000)
  to   space 12288K, 0% used [0x00000000ded80000,0x00000000ded80000,0x00000000df980000)
 ParOldGen       total 49152K, used 17994K [0x0000000080000000, 0x0000000083000000, 0x00000000d5580000)
  object space 49152K, 36% used [0x0000000080000000,0x0000000081192a90,0x0000000083000000)
 Metaspace       used 38546K, capacity 40360K, committed 40536K, reserved 1083392K
  class space    used 5285K, capacity 5647K, committed 5760K, reserved 1048576K
}

